{"service":"user-service","message":"application started time : Mon Sep 14 2020 14:00:44 GMT+0430 (Iran Daylight Time)","level":"info"}
{"service":"user-service","message":"application started time : Mon Sep 14 2020 14:07:18 GMT+0430 (Iran Daylight Time)","level":"info"}
{"service":"user-service","message":"application started time : Mon Sep 14 2020 15:13:31 GMT+0430 (Iran Daylight Time)","level":"info"}
{"service":"user-service","message":"application started time : Mon Sep 14 2020 15:15:44 GMT+0430 (Iran Daylight Time)","level":"info"}
{"service":"user-service","message":"application started time : Mon Sep 14 2020 15:50:14 GMT+0430 (Iran Daylight Time)","level":"info"}
{"service":"user-service","message":"getLevelStatus time : Mon Sep 14 2020 16:12:34 GMT+0430 (Iran Daylight Time) , flood : false , floodStartedTime:Mon Sep 14 2020 09:45:56 GMT+0430 (Iran Daylight Time), lastTimeCheck:Mon Sep 14 2020 11:34:26 GMT+0430 (Iran Daylight Time)","level":"info"}
{"service":"user-service","message":"checkLevelNewData time : Mon Sep 14 2020 16:12:34 GMT+0430 (Iran Daylight Time) , lastSampleTime: [{\"sample_time\":\"2020-09-14 15:02:05\"}] lastTimeCheck: 2020-09-14 11:34:26","level":"info"}
{"service":"user-service","message":"checkLevelNewData dade jadid mojood ast  time : Mon Sep 14 2020 16:12:34 GMT+0430 (Iran Daylight Time) ","level":"info"}
{"service":"user-service","message":"getLevelFloodStatus time : Mon Sep 14 2020 16:12:34 GMT+0430 (Iran Daylight Time) , client_id : 171 , [{\"@flood\":1,\"@flood_started_time\":\"2020-09-14 15:00:02\",\"@last_sample_time\":\"2020-09-14 15:02:05\"}]","level":"info"}
{"service":"user-service","message":"setLevelStationFloodStatus time : Mon Sep 14 2020 16:12:34 GMT+0430 (Iran Daylight Time) , status : true 2020-09-14 15:02:05","level":"info"}
{"service":"user-service","message":"getLevelStatus time : Mon Sep 14 2020 16:12:47 GMT+0430 (Iran Daylight Time) , flood : true , floodStartedTime:Mon Sep 14 2020 15:00:02 GMT+0430 (Iran Daylight Time), lastTimeCheck:Mon Sep 14 2020 15:02:05 GMT+0430 (Iran Daylight Time)","level":"info"}
{"service":"user-service","message":"checkLevelNewData time : Mon Sep 14 2020 16:12:48 GMT+0430 (Iran Daylight Time) , lastSampleTime: [{\"sample_time\":\"2020-09-14 15:02:05\"}] lastTimeCheck: 2020-09-14 15:02:05","level":"info"}
{"service":"user-service","message":"checkLevelNewData dade jadid mojood nist  time : Mon Sep 14 2020 16:12:48 GMT+0430 (Iran Daylight Time) ","level":"info"}
{"service":"user-service","message":"getLevelFloodStatus time : Mon Sep 14 2020 16:12:48 GMT+0430 (Iran Daylight Time) , client_id : 171 , dade jadid mojood nist     already flood","level":"info"}
{"service":"user-service","message":"getLevelStatus time : Mon Sep 14 2020 16:14:58 GMT+0430 (Iran Daylight Time) , flood : true , floodStartedTime:Mon Sep 14 2020 15:00:02 GMT+0430 (Iran Daylight Time), lastTimeCheck:Mon Sep 14 2020 15:02:05 GMT+0430 (Iran Daylight Time)","level":"info"}
{"service":"user-service","message":"checkLevelNewData time : Mon Sep 14 2020 16:14:58 GMT+0430 (Iran Daylight Time) , lastSampleTime: [{\"sample_time\":\"2020-09-14 15:09:10\"}] lastTimeCheck: 2020-09-14 15:02:05","level":"info"}
{"service":"user-service","message":"checkLevelNewData dade jadid mojood ast  time : Mon Sep 14 2020 16:14:58 GMT+0430 (Iran Daylight Time) ","level":"info"}
{"service":"user-service","message":"getLevelFloodStatus getLevelFloodStop2 time : Mon Sep 14 2020 16:14:58 GMT+0430 (Iran Daylight Time) , client_id : 171 ,result = [{\"@flood_stop\":1,\"@last_sample_time\":\"2020-09-14 15:09:10\"}]","level":"info"}
{"service":"user-service","message":"setLevelStationFloodStatus time : Mon Sep 14 2020 16:14:58 GMT+0430 (Iran Daylight Time) , status : false","level":"info"}
{"service":"user-service","message":"getLevelStatus time : Mon Sep 14 2020 16:15:39 GMT+0430 (Iran Daylight Time) , flood : false , floodStartedTime:Mon Sep 14 2020 15:00:02 GMT+0430 (Iran Daylight Time), lastTimeCheck:Mon Sep 14 2020 15:09:10 GMT+0430 (Iran Daylight Time)","level":"info"}
{"service":"user-service","message":"checkLevelNewData time : Mon Sep 14 2020 16:15:39 GMT+0430 (Iran Daylight Time) , lastSampleTime: [{\"sample_time\":\"2020-09-14 15:14:06\"}] lastTimeCheck: 2020-09-14 15:09:10","level":"info"}
{"service":"user-service","message":"checkLevelNewData dade jadid mojood ast  time : Mon Sep 14 2020 16:15:39 GMT+0430 (Iran Daylight Time) ","level":"info"}
{"service":"user-service","message":"getLevelFloodStatus time : Mon Sep 14 2020 16:15:39 GMT+0430 (Iran Daylight Time) , client_id : 171 , [{\"@flood\":0,\"@flood_started_time\":null,\"@last_sample_time\":\"2020-09-14 15:14:06\"}]","level":"info"}
{"service":"user-service","message":"getLevelStatus time : Mon Sep 14 2020 16:20:36 GMT+0430 (Iran Daylight Time) , flood : false , floodStartedTime:Mon Sep 14 2020 15:00:02 GMT+0430 (Iran Daylight Time), lastTimeCheck:Mon Sep 14 2020 15:14:06 GMT+0430 (Iran Daylight Time)","level":"info"}
{"service":"user-service","message":"checkLevelNewData time : Mon Sep 14 2020 16:20:36 GMT+0430 (Iran Daylight Time) , lastSampleTime: [{\"sample_time\":\"2020-09-14 15:14:06\"}] lastTimeCheck: 2020-09-14 15:14:06","level":"info"}
{"service":"user-service","message":"checkLevelNewData dade jadid mojood nist  time : Mon Sep 14 2020 16:20:36 GMT+0430 (Iran Daylight Time) ","level":"info"}
{"service":"user-service","message":"dade jadid mojood nist     no flood already time : Mon Sep 14 2020 16:20:36 GMT+0430 (Iran Daylight Time) , client_id : 171 ","level":"info"}
{"service":"user-service","message":"getLevelStatus time : Mon Sep 14 2020 16:23:48 GMT+0430 (Iran Daylight Time) , flood : false , floodStartedTime:Mon Sep 14 2020 15:00:02 GMT+0430 (Iran Daylight Time), lastTimeCheck:Mon Sep 14 2020 15:14:06 GMT+0430 (Iran Daylight Time)","level":"info"}
{"service":"user-service","message":"checkLevelNewData time : Mon Sep 14 2020 16:23:48 GMT+0430 (Iran Daylight Time) , lastSampleTime: [{\"sample_time\":\"2020-09-14 15:14:06\"}] lastTimeCheck: 2020-09-14 15:14:06","level":"info"}
{"service":"user-service","message":"checkLevelNewData dade jadid mojood nist  time : Mon Sep 14 2020 16:23:48 GMT+0430 (Iran Daylight Time) ","level":"info"}
{"service":"user-service","message":"dade jadid mojood nist     no flood already time : Mon Sep 14 2020 16:23:48 GMT+0430 (Iran Daylight Time) , client_id : 171 ","level":"info"}
{"service":"user-service","message":"getLevelStatus time : Mon Sep 14 2020 16:24:01 GMT+0430 (Iran Daylight Time) , flood : false , floodStartedTime:Mon Sep 14 2020 15:00:02 GMT+0430 (Iran Daylight Time), lastTimeCheck:Mon Sep 14 2020 15:14:06 GMT+0430 (Iran Daylight Time)","level":"info"}
{"service":"user-service","message":"checkLevelNewData time : Mon Sep 14 2020 16:24:01 GMT+0430 (Iran Daylight Time) , lastSampleTime: [{\"sample_time\":\"2020-09-14 15:14:06\"}] lastTimeCheck: 2020-09-14 15:14:06","level":"info"}
{"service":"user-service","message":"checkLevelNewData dade jadid mojood nist  time : Mon Sep 14 2020 16:24:01 GMT+0430 (Iran Daylight Time) ","level":"info"}
{"service":"user-service","message":"dade jadid mojood nist     no flood already time : Mon Sep 14 2020 16:24:01 GMT+0430 (Iran Daylight Time) , client_id : 171 ","level":"info"}
{"service":"user-service","message":"getLevelStatus time : Mon Sep 14 2020 16:25:24 GMT+0430 (Iran Daylight Time) , flood : false , floodStartedTime:Mon Sep 14 2020 15:00:02 GMT+0430 (Iran Daylight Time), lastTimeCheck:Mon Sep 14 2020 15:14:06 GMT+0430 (Iran Daylight Time)","level":"info"}
{"service":"user-service","message":"checkLevelNewData time : Mon Sep 14 2020 16:25:24 GMT+0430 (Iran Daylight Time) , lastSampleTime: [{\"sample_time\":\"2020-09-14 15:14:06\"}] lastTimeCheck: 2020-09-14 15:14:06","level":"info"}
{"service":"user-service","message":"checkLevelNewData dade jadid mojood nist  time : Mon Sep 14 2020 16:25:24 GMT+0430 (Iran Daylight Time) ","level":"info"}
{"service":"user-service","message":"dade jadid mojood nist     no flood already time : Mon Sep 14 2020 16:25:24 GMT+0430 (Iran Daylight Time) , client_id : 171 ","level":"info"}
{"service":"user-service","message":"getLevelStatus time : Mon Sep 14 2020 16:26:54 GMT+0430 (Iran Daylight Time) , flood : false , floodStartedTime:Mon Sep 14 2020 15:00:02 GMT+0430 (Iran Daylight Time), lastTimeCheck:Mon Sep 14 2020 15:14:06 GMT+0430 (Iran Daylight Time)","level":"info"}
{"service":"user-service","message":"checkLevelNewData time : Mon Sep 14 2020 16:27:24 GMT+0430 (Iran Daylight Time) , lastSampleTime: [{\"sample_time\":\"2020-09-14 15:25:37\"}] lastTimeCheck: 2020-09-14 15:14:06","level":"info"}
{"service":"user-service","message":"checkLevelNewData dade jadid mojood ast  time : Mon Sep 14 2020 16:27:24 GMT+0430 (Iran Daylight Time) ","level":"info"}
{"service":"user-service","message":"getLevelFloodStatus time : Mon Sep 14 2020 16:27:24 GMT+0430 (Iran Daylight Time) , client_id : 171 , [{\"@flood\":1,\"@flood_started_time\":\"2020-09-14 15:23:34\",\"@last_sample_time\":\"2020-09-14 15:25:37\"}]","level":"info"}
{"service":"user-service","message":"setLevelStationFloodStatus time : Mon Sep 14 2020 16:27:24 GMT+0430 (Iran Daylight Time) , status : true 2020-09-14 15:25:37","level":"info"}
{"service":"user-service","message":"getLevelStatus time : Mon Sep 14 2020 16:28:24 GMT+0430 (Iran Daylight Time) , flood : true , floodStartedTime:Mon Sep 14 2020 15:23:34 GMT+0430 (Iran Daylight Time), lastTimeCheck:Mon Sep 14 2020 15:25:37 GMT+0430 (Iran Daylight Time)","level":"info"}
{"service":"user-service","message":"checkLevelNewData time : Mon Sep 14 2020 16:28:24 GMT+0430 (Iran Daylight Time) , lastSampleTime: [{\"sample_time\":\"2020-09-14 15:25:37\"}] lastTimeCheck: 2020-09-14 15:25:37","level":"info"}
{"service":"user-service","message":"checkLevelNewData dade jadid mojood nist  time : Mon Sep 14 2020 16:28:24 GMT+0430 (Iran Daylight Time) ","level":"info"}
{"service":"user-service","message":"getLevelFloodStatus time : Mon Sep 14 2020 16:28:24 GMT+0430 (Iran Daylight Time) , client_id : 171 , dade jadid mojood nist     already flood","level":"info"}
{"service":"user-service","message":"getLevelStatus time : Mon Sep 14 2020 16:29:54 GMT+0430 (Iran Daylight Time) , flood : true , floodStartedTime:Mon Sep 14 2020 15:23:34 GMT+0430 (Iran Daylight Time), lastTimeCheck:Mon Sep 14 2020 15:25:37 GMT+0430 (Iran Daylight Time)","level":"info"}
{"service":"user-service","message":"checkLevelNewData time : Mon Sep 14 2020 16:30:04 GMT+0430 (Iran Daylight Time) , lastSampleTime: [{\"sample_time\":\"2020-09-14 15:25:37\"}] lastTimeCheck: 2020-09-14 15:25:37","level":"info"}
{"service":"user-service","message":"checkLevelNewData dade jadid mojood nist  time : Mon Sep 14 2020 16:30:04 GMT+0430 (Iran Daylight Time) ","level":"info"}
{"service":"user-service","message":"getLevelFloodStatus time : Mon Sep 14 2020 16:30:04 GMT+0430 (Iran Daylight Time) , client_id : 171 , dade jadid mojood nist     already flood","level":"info"}
{"service":"user-service","message":"getLevelStatus time : Mon Sep 14 2020 16:34:59 GMT+0430 (Iran Daylight Time) , flood : true , floodStartedTime:Mon Sep 14 2020 15:23:34 GMT+0430 (Iran Daylight Time), lastTimeCheck:Mon Sep 14 2020 15:25:37 GMT+0430 (Iran Daylight Time)","level":"info"}
{"service":"user-service","message":"checkLevelNewData time : Mon Sep 14 2020 16:34:59 GMT+0430 (Iran Daylight Time) , lastSampleTime: [{\"sample_time\":\"2020-09-14 15:33:38\"}] lastTimeCheck: 2020-09-14 15:25:37","level":"info"}
{"service":"user-service","message":"checkLevelNewData dade jadid mojood ast  time : Mon Sep 14 2020 16:34:59 GMT+0430 (Iran Daylight Time) ","level":"info"}
{"service":"user-service","message":"getLevelFloodStatus getLevelFloodStop2 time : Mon Sep 14 2020 16:34:59 GMT+0430 (Iran Daylight Time) , client_id : 171 ,result = [{\"@flood_stop\":1,\"@last_sample_time\":\"2020-09-14 15:33:38\"}]","level":"info"}
{"service":"user-service","message":"setLevelStationFloodStatus time : Mon Sep 14 2020 16:34:59 GMT+0430 (Iran Daylight Time) , status : false","level":"info"}
{"service":"user-service","message":"getLevelStatus time : Mon Sep 14 2020 16:36:08 GMT+0430 (Iran Daylight Time) , flood : false , floodStartedTime:Mon Sep 14 2020 15:23:34 GMT+0430 (Iran Daylight Time), lastTimeCheck:Mon Sep 14 2020 15:33:38 GMT+0430 (Iran Daylight Time)","level":"info"}
{"service":"user-service","message":"checkLevelNewData time : Mon Sep 14 2020 16:36:09 GMT+0430 (Iran Daylight Time) , lastSampleTime: [{\"sample_time\":\"2020-09-14 15:33:38\"}] lastTimeCheck: 2020-09-14 15:33:38","level":"info"}
{"service":"user-service","message":"checkLevelNewData dade jadid mojood nist  time : Mon Sep 14 2020 16:36:09 GMT+0430 (Iran Daylight Time) ","level":"info"}
{"service":"user-service","message":"dade jadid mojood nist     no flood already time : Mon Sep 14 2020 16:36:09 GMT+0430 (Iran Daylight Time) , client_id : 171 ","level":"info"}
{"service":"user-service","message":"application started time : Mon Sep 14 2020 16:41:21 GMT+0430 (Iran Daylight Time)","level":"info"}
{"service":"user-service","message":"application started time : Mon Sep 14 2020 16:42:42 GMT+0430 (Iran Daylight Time)","level":"info"}
{"service":"user-service","message":"application started time : Mon Sep 14 2020 16:50:32 GMT+0430 (Iran Daylight Time)","level":"info"}
{"service":"user-service","message":"getLevelStatus time : Mon Sep 14 2020 16:52:03 GMT+0430 (Iran Daylight Time) , flood : false , floodStartedTime:Mon Sep 14 2020 15:23:34 GMT+0430 (Iran Daylight Time), lastTimeCheck:Mon Sep 14 2020 15:33:38 GMT+0430 (Iran Daylight Time)","level":"info"}
{"service":"user-service","message":"checkLevelNewData time : Mon Sep 14 2020 16:52:03 GMT+0430 (Iran Daylight Time) , lastSampleTime: [{\"sample_time\":\"2020-09-14 15:41:30\"}] lastTimeCheck: 2020-09-14 15:33:38","level":"info"}
{"service":"user-service","message":"checkLevelNewData dade jadid mojood ast  time : Mon Sep 14 2020 16:52:03 GMT+0430 (Iran Daylight Time) ","level":"info"}
{"service":"user-service","message":"getLevelFloodStatus time : Mon Sep 14 2020 16:52:03 GMT+0430 (Iran Daylight Time) , client_id : 171 , [{\"@flood\":1,\"@flood_started_time\":\"2020-09-14 15:38:25\",\"@last_sample_time\":\"2020-09-14 15:41:30\"}]","level":"info"}
{"service":"user-service","message":"setLevelStationFloodStatus time : Mon Sep 14 2020 16:52:03 GMT+0430 (Iran Daylight Time) , status : true 2020-09-14 15:41:30","level":"info"}
{"service":"user-service","message":"getLevelStatus time : Mon Sep 14 2020 16:52:24 GMT+0430 (Iran Daylight Time) , flood : true , floodStartedTime:Mon Sep 14 2020 15:38:25 GMT+0430 (Iran Daylight Time), lastTimeCheck:Mon Sep 14 2020 15:41:30 GMT+0430 (Iran Daylight Time)","level":"info"}
{"service":"user-service","message":"checkLevelNewData time : Mon Sep 14 2020 16:52:24 GMT+0430 (Iran Daylight Time) , lastSampleTime: [{\"sample_time\":\"2020-09-14 15:41:30\"}] lastTimeCheck: 2020-09-14 15:41:30","level":"info"}
{"service":"user-service","message":"checkLevelNewData dade jadid mojood nist  time : Mon Sep 14 2020 16:52:24 GMT+0430 (Iran Daylight Time) ","level":"info"}
{"service":"user-service","message":"getLevelFloodStatus time : Mon Sep 14 2020 16:52:24 GMT+0430 (Iran Daylight Time) , client_id : 171 , dade jadid mojood nist     already flood","level":"info"}
{"service":"user-service","message":"getLevelStatus time : Mon Sep 14 2020 16:53:54 GMT+0430 (Iran Daylight Time) , flood : true , floodStartedTime:Mon Sep 14 2020 15:38:25 GMT+0430 (Iran Daylight Time), lastTimeCheck:Mon Sep 14 2020 15:41:30 GMT+0430 (Iran Daylight Time)","level":"info"}
{"service":"user-service","message":"checkLevelNewData time : Mon Sep 14 2020 16:53:54 GMT+0430 (Iran Daylight Time) , lastSampleTime: [{\"sample_time\":\"2020-09-14 15:41:30\"}] lastTimeCheck: 2020-09-14 15:41:30","level":"info"}
{"service":"user-service","message":"checkLevelNewData dade jadid mojood nist  time : Mon Sep 14 2020 16:53:54 GMT+0430 (Iran Daylight Time) ","level":"info"}
{"service":"user-service","message":"getLevelFloodStatus time : Mon Sep 14 2020 16:53:54 GMT+0430 (Iran Daylight Time) , client_id : 171 , dade jadid mojood nist     already flood","level":"info"}
{"service":"user-service","message":"getLevelStatus time : Mon Sep 14 2020 16:59:36 GMT+0430 (Iran Daylight Time) , flood : true , floodStartedTime:Mon Sep 14 2020 15:38:25 GMT+0430 (Iran Daylight Time), lastTimeCheck:Mon Sep 14 2020 15:41:30 GMT+0430 (Iran Daylight Time)","level":"info"}
{"service":"user-service","message":"checkLevelNewData time : Mon Sep 14 2020 16:59:36 GMT+0430 (Iran Daylight Time) , lastSampleTime: [{\"sample_time\":\"2020-09-14 15:41:30\"}] lastTimeCheck: 2020-09-14 15:41:30","level":"info"}
{"service":"user-service","message":"checkLevelNewData dade jadid mojood nist  time : Mon Sep 14 2020 16:59:36 GMT+0430 (Iran Daylight Time) ","level":"info"}
{"service":"user-service","message":"getLevelFloodStatus time : Mon Sep 14 2020 16:59:36 GMT+0430 (Iran Daylight Time) , client_id : 171 , dade jadid mojood nist     already flood","level":"info"}
{"service":"user-service","message":"getLevelStatus time : Mon Sep 14 2020 17:03:39 GMT+0430 (Iran Daylight Time) , flood : true , floodStartedTime:Mon Sep 14 2020 15:38:25 GMT+0430 (Iran Daylight Time), lastTimeCheck:Mon Sep 14 2020 15:41:30 GMT+0430 (Iran Daylight Time)","level":"info"}
{"service":"user-service","message":"checkLevelNewData time : Mon Sep 14 2020 17:03:39 GMT+0430 (Iran Daylight Time) , lastSampleTime: [{\"sample_time\":\"2020-09-14 15:41:30\"}] lastTimeCheck: 2020-09-14 15:41:30","level":"info"}
{"service":"user-service","message":"checkLevelNewData dade jadid mojood nist  time : Mon Sep 14 2020 17:03:39 GMT+0430 (Iran Daylight Time) ","level":"info"}
{"service":"user-service","message":"getLevelFloodStatus time : Mon Sep 14 2020 17:03:39 GMT+0430 (Iran Daylight Time) , client_id : 171 , enough time spent after flood started at  = \"2020-09-14 15:38:25\"","level":"info"}
{"service":"user-service","message":"setLevelStationFloodStatus time : Mon Sep 14 2020 17:03:39 GMT+0430 (Iran Daylight Time) , status : false","level":"info"}
{"service":"user-service","message":"getLevelStatus time : Mon Sep 14 2020 17:04:24 GMT+0430 (Iran Daylight Time) , flood : false , floodStartedTime:Mon Sep 14 2020 15:38:25 GMT+0430 (Iran Daylight Time), lastTimeCheck:null","level":"info"}
{"service":"user-service","message":"getLevelFloodStatus time : Mon Sep 14 2020 17:04:24 GMT+0430 (Iran Daylight Time) , client_id : 171 , [{\"@flood\":1,\"@flood_started_time\":\"2020-09-14 15:38:25\",\"@last_sample_time\":\"2020-09-14 15:41:30\"}]","level":"info"}
{"service":"user-service","message":"setLevelStationFloodStatus time : Mon Sep 14 2020 17:04:24 GMT+0430 (Iran Daylight Time) , status : true 2020-09-14 15:41:30","level":"info"}
{"service":"user-service","message":"getLevelStatus time : Mon Sep 14 2020 17:05:54 GMT+0430 (Iran Daylight Time) , flood : true , floodStartedTime:Mon Sep 14 2020 15:38:25 GMT+0430 (Iran Daylight Time), lastTimeCheck:Mon Sep 14 2020 15:41:30 GMT+0430 (Iran Daylight Time)","level":"info"}
{"service":"user-service","message":"checkLevelNewData time : Mon Sep 14 2020 17:05:54 GMT+0430 (Iran Daylight Time) , lastSampleTime: [{\"sample_time\":\"2020-09-14 15:41:30\"}] lastTimeCheck: 2020-09-14 15:41:30","level":"info"}
{"service":"user-service","message":"checkLevelNewData dade jadid mojood nist  time : Mon Sep 14 2020 17:05:54 GMT+0430 (Iran Daylight Time) ","level":"info"}
{"service":"user-service","message":"getLevelFloodStatus time : Mon Sep 14 2020 17:05:54 GMT+0430 (Iran Daylight Time) , client_id : 171 , enough time spent after flood started at  = \"2020-09-14 15:38:25\"","level":"info"}
{"service":"user-service","message":"setLevelStationFloodStatus time : Mon Sep 14 2020 17:05:54 GMT+0430 (Iran Daylight Time) , status : false","level":"info"}
{"service":"user-service","message":"getLevelStatus time : Mon Sep 14 2020 17:07:24 GMT+0430 (Iran Daylight Time) , flood : false , floodStartedTime:Mon Sep 14 2020 15:38:25 GMT+0430 (Iran Daylight Time), lastTimeCheck:null","level":"info"}
{"service":"user-service","message":"getLevelFloodStatus time : Mon Sep 14 2020 17:07:24 GMT+0430 (Iran Daylight Time) , client_id : 171 , [{\"@flood\":1,\"@flood_started_time\":\"2020-09-14 15:38:25\",\"@last_sample_time\":\"2020-09-14 15:41:30\"}]","level":"info"}
{"service":"user-service","message":"setLevelStationFloodStatus time : Mon Sep 14 2020 17:07:24 GMT+0430 (Iran Daylight Time) , status : true 2020-09-14 15:41:30","level":"info"}
{"service":"user-service","message":"getLevelStatus time : Mon Sep 14 2020 17:15:30 GMT+0430 (Iran Daylight Time) , flood : true , floodStartedTime:Mon Sep 14 2020 15:38:25 GMT+0430 (Iran Daylight Time), lastTimeCheck:Mon Sep 14 2020 15:41:30 GMT+0430 (Iran Daylight Time)","level":"info"}
{"service":"user-service","message":"checkLevelNewData time : Mon Sep 14 2020 17:15:31 GMT+0430 (Iran Daylight Time) , lastSampleTime: [{\"sample_time\":\"2020-09-14 15:41:30\"}] lastTimeCheck: 2020-09-14 15:41:30","level":"info"}
{"service":"user-service","message":"checkLevelNewData dade jadid mojood nist  time : Mon Sep 14 2020 17:15:31 GMT+0430 (Iran Daylight Time) ","level":"info"}
{"service":"user-service","message":"getLevelFloodStatus time : Mon Sep 14 2020 17:15:31 GMT+0430 (Iran Daylight Time) , client_id : 171 , enough time spent after flood started at  = \"2020-09-14 15:38:25\"","level":"info"}
{"service":"user-service","message":"setLevelStationFloodStatus time : Mon Sep 14 2020 17:15:31 GMT+0430 (Iran Daylight Time) , status : false","level":"info"}
{"service":"user-service","message":"application started time : Mon Sep 14 2020 18:12:31 GMT+0430 (Iran Daylight Time)","level":"info"}
{"service":"user-service","message":"application started time : Mon Sep 14 2020 18:22:56 GMT+0430 (Iran Daylight Time)","level":"info"}
{"service":"user-service","message":"application started time : Mon Sep 14 2020 18:32:23 GMT+0430 (Iran Daylight Time)","level":"info"}
{"service":"user-service","message":"application started time : Mon Sep 14 2020 18:41:58 GMT+0430 (Iran Daylight Time)","level":"info"}
{"service":"user-service","message":"application started time : Mon Sep 14 2020 18:46:37 GMT+0430 (Iran Daylight Time)","level":"info"}
{"service":"user-service","message":"application started time : Mon Sep 14 2020 18:49:43 GMT+0430 (Iran Daylight Time)","level":"info"}
{"service":"user-service","message":"getLevelStatus time : Mon Sep 14 2020 18:51:31 GMT+0430 (Iran Daylight Time) , flood : false , floodStartedTime:Mon Sep 14 2020 15:38:25 GMT+0430 (Iran Daylight Time), lastTimeCheck:null","level":"info"}
{"service":"user-service","message":"getLevelFloodStatus time : Mon Sep 14 2020 18:51:31 GMT+0430 (Iran Daylight Time) , client_id : 171 , [{\"@flood\":1,\"@flood_started_time\":\"2020-09-14 15:38:25\",\"@last_sample_time\":\"2020-09-14 15:41:30\"}]","level":"info"}
{"service":"user-service","message":"setLevelStationFloodStatus time : Mon Sep 14 2020 18:51:31 GMT+0430 (Iran Daylight Time) , status : true 2020-09-14 15:41:30","level":"info"}
{"service":"user-service","message":"getLevelStatus time : Mon Sep 14 2020 18:52:24 GMT+0430 (Iran Daylight Time) , flood : true , floodStartedTime:Mon Sep 14 2020 15:38:25 GMT+0430 (Iran Daylight Time), lastTimeCheck:Mon Sep 14 2020 15:41:30 GMT+0430 (Iran Daylight Time)","level":"info"}
{"service":"user-service","message":"checkLevelNewData time : Mon Sep 14 2020 18:52:24 GMT+0430 (Iran Daylight Time) , lastSampleTime: [{\"sample_time\":\"2020-09-14 15:41:30\"}] lastTimeCheck: 2020-09-14 15:41:30","level":"info"}
{"service":"user-service","message":"checkLevelNewData dade jadid mojood nist  time : Mon Sep 14 2020 18:52:24 GMT+0430 (Iran Daylight Time) ","level":"info"}
{"service":"user-service","message":"getLevelFloodStatus time : Mon Sep 14 2020 18:52:24 GMT+0430 (Iran Daylight Time) , client_id : 171 , enough time spent after flood started at  = \"2020-09-14 15:38:25\"","level":"info"}
{"service":"user-service","message":"setLevelStationFloodStatus time : Mon Sep 14 2020 18:52:24 GMT+0430 (Iran Daylight Time) , status : false","level":"info"}
{"service":"user-service","message":"getLevelStatus time : Mon Sep 14 2020 18:57:44 GMT+0430 (Iran Daylight Time) , flood : false , floodStartedTime:Mon Sep 14 2020 15:38:25 GMT+0430 (Iran Daylight Time), lastTimeCheck:null","level":"info"}
{"service":"user-service","message":"getLevelFloodStatus time : Mon Sep 14 2020 18:57:44 GMT+0430 (Iran Daylight Time) , client_id : 171 , [{\"@flood\":1,\"@flood_started_time\":\"2020-09-14 15:38:25\",\"@last_sample_time\":\"2020-09-14 15:41:30\"}]","level":"info"}
{"service":"user-service","message":"setLevelStationFloodStatus time : Mon Sep 14 2020 18:57:44 GMT+0430 (Iran Daylight Time) , status : true 2020-09-14 15:41:30","level":"info"}
{"service":"user-service","message":"application started time : Mon Sep 14 2020 18:58:54 GMT+0430 (Iran Daylight Time)","level":"info"}
{"service":"user-service","message":"getLevelStatus time : Mon Sep 14 2020 18:59:56 GMT+0430 (Iran Daylight Time) , flood : true , floodStartedTime:Mon Sep 14 2020 15:38:25 GMT+0430 (Iran Daylight Time), lastTimeCheck:Mon Sep 14 2020 15:41:30 GMT+0430 (Iran Daylight Time)","level":"info"}
{"service":"user-service","message":"checkLevelNewData time : Mon Sep 14 2020 18:59:56 GMT+0430 (Iran Daylight Time) , lastSampleTime: [{\"sample_time\":\"2020-09-14 15:41:30\"}] lastTimeCheck: 2020-09-14 15:41:30","level":"info"}
{"service":"user-service","message":"checkLevelNewData dade jadid mojood nist  time : Mon Sep 14 2020 18:59:56 GMT+0430 (Iran Daylight Time) ","level":"info"}
{"service":"user-service","message":"getLevelFloodStatus time : Mon Sep 14 2020 18:59:56 GMT+0430 (Iran Daylight Time) , client_id : 171 , enough time spent after flood started at  = \"2020-09-14 15:38:25\"","level":"info"}
{"service":"user-service","message":"setLevelStationFloodStatus time : Mon Sep 14 2020 18:59:56 GMT+0430 (Iran Daylight Time) , status : false","level":"info"}
{"service":"user-service","message":"getLevelStatus time : Mon Sep 14 2020 19:03:59 GMT+0430 (Iran Daylight Time) , flood : false , floodStartedTime:Mon Sep 14 2020 15:38:25 GMT+0430 (Iran Daylight Time), lastTimeCheck:null","level":"info"}
{"service":"user-service","message":"application started time : Mon Sep 14 2020 19:12:38 GMT+0430 (Iran Daylight Time)","level":"info"}
{"service":"user-service","message":"application started time : Mon Sep 14 2020 19:15:59 GMT+0430 (Iran Daylight Time)","level":"info"}
{"service":"user-service","message":"application started time : Mon Sep 14 2020 19:21:05 GMT+0430 (Iran Daylight Time)","level":"info"}
{"service":"user-service","message":"application started time : Mon Sep 14 2020 19:22:49 GMT+0430 (Iran Daylight Time)","level":"info"}
{"service":"user-service","message":"application started time : Mon Sep 14 2020 19:26:20 GMT+0430 (Iran Daylight Time)","level":"info"}
{"service":"user-service","message":"application started time : Mon Sep 14 2020 19:34:59 GMT+0430 (Iran Daylight Time)","level":"info"}
{"service":"user-service","message":"res  res : {\n  rain_start: false,\n  rain_alarm1: false,\n  rain_alarm8: false,\n  flood: false,\n  last_time_check: null,\n  _id: 5f5c7631e5ba4b0afa2c1922,\n  station_name: 'leveltest',\n  station_code: '8500',\n  zone_name: 'jhjyhg',\n  river_name: 'jkhgh',\n  longitude: 55.502016442078,\n  latitude: 35.926233495744,\n  utm_x: 44545,\n  utm_y: 6545454,\n  height: null,\n  establish_year: 1398,\n  station_type: 2,\n  client_id: 171,\n  __v: 0,\n  flood_start_time: 2020-09-14T11:08:25.000Z,\n  flood_stop_time: 2020-09-14T14:29:56.883Z,\n  id: '5f5c7631e5ba4b0afa2c1922'\n} ","level":"info"}
{"service":"user-service","message":"getLevelStatus time : Mon Sep 14 2020 19:38:31 GMT+0430 (Iran Daylight Time) , flood : false , floodStartedTime:Mon Sep 14 2020 15:38:25 GMT+0430 (Iran Daylight Time), lastTimeCheck:null","level":"info"}
{"service":"user-service","message":"res  res : {\n  rain_start: false,\n  rain_alarm1: false,\n  rain_alarm8: false,\n  flood: false,\n  last_time_check: 2020-08-29T21:16:11.000Z,\n  _id: 5f5c7631e5ba4b0afa2c1922,\n  station_name: 'leveltest',\n  station_code: '8500',\n  zone_name: 'jhjyhg',\n  river_name: 'jkhgh',\n  longitude: 55.502016442078,\n  latitude: 35.926233495744,\n  utm_x: 44545,\n  utm_y: 6545454,\n  height: null,\n  establish_year: 1398,\n  station_type: 2,\n  client_id: 171,\n  __v: 0,\n  flood_start_time: 2020-09-14T11:08:25.000Z,\n  flood_stop_time: 2020-09-14T14:22:24.370Z,\n  id: '5f5c7631e5ba4b0afa2c1922'\n} ","level":"info"}
{"service":"user-service","message":"getLevelStatus time : Mon Sep 14 2020 19:41:44 GMT+0430 (Iran Daylight Time) , flood : false , floodStartedTime:Mon Sep 14 2020 15:38:25 GMT+0430 (Iran Daylight Time), lastTimeCheck:Sun Aug 30 2020 01:46:11 GMT+0430 (Iran Daylight Time)","level":"info"}
{"service":"user-service","message":"checkLevelNewData time : Mon Sep 14 2020 19:41:44 GMT+0430 (Iran Daylight Time) , lastSampleTime: [{\"sample_time\":\"2020-09-14 15:41:30\"}] lastTimeCheck: 2020-08-30 01:46:11","level":"info"}
{"service":"user-service","message":"checkLevelNewData dade jadid mojood ast  time : Mon Sep 14 2020 19:41:44 GMT+0430 (Iran Daylight Time) ","level":"info"}
{"service":"user-service","message":"getLevelFloodStatus time : Mon Sep 14 2020 19:41:44 GMT+0430 (Iran Daylight Time) , client_id : 171 , [{\"@flood\":1,\"@flood_started_time\":\"2020-09-14 15:38:25\",\"@last_sample_time\":\"2020-09-14 15:41:30\"}]","level":"info"}
{"service":"user-service","message":"setLevelStationFloodStatus time : Mon Sep 14 2020 19:41:44 GMT+0430 (Iran Daylight Time) , status : true 2020-09-14 15:41:30","level":"info"}
{"service":"user-service","message":"res  res : {\n  rain_start: false,\n  rain_alarm1: false,\n  rain_alarm8: false,\n  flood: true,\n  last_time_check: 2020-09-14T11:11:30.000Z,\n  _id: 5f5c7631e5ba4b0afa2c1922,\n  station_name: 'leveltest',\n  station_code: '8500',\n  zone_name: 'jhjyhg',\n  river_name: 'jkhgh',\n  longitude: 55.502016442078,\n  latitude: 35.926233495744,\n  utm_x: 44545,\n  utm_y: 6545454,\n  height: null,\n  establish_year: 1398,\n  station_type: 2,\n  client_id: 171,\n  __v: 0,\n  flood_start_time: 2020-09-14T11:08:25.000Z,\n  flood_stop_time: 2020-09-14T14:22:24.370Z,\n  id: '5f5c7631e5ba4b0afa2c1922'\n} ","level":"info"}
{"service":"user-service","message":"getLevelStatus time : Mon Sep 14 2020 19:41:54 GMT+0430 (Iran Daylight Time) , flood : true , floodStartedTime:Mon Sep 14 2020 15:38:25 GMT+0430 (Iran Daylight Time), lastTimeCheck:Mon Sep 14 2020 15:41:30 GMT+0430 (Iran Daylight Time)","level":"info"}
{"service":"user-service","message":"checkLevelNewData time : Mon Sep 14 2020 19:41:54 GMT+0430 (Iran Daylight Time) , lastSampleTime: [{\"sample_time\":\"2020-09-14 15:41:30\"}] lastTimeCheck: 2020-09-14 15:41:30","level":"info"}
{"service":"user-service","message":"checkLevelNewData dade jadid mojood nist  time : Mon Sep 14 2020 19:41:54 GMT+0430 (Iran Daylight Time) ","level":"info"}
{"service":"user-service","message":"getLevelFloodStatus time : Mon Sep 14 2020 19:41:54 GMT+0430 (Iran Daylight Time) , client_id : 171 , enough time spent after flood started at  = \"2020-09-14 15:38:25\"","level":"info"}
{"service":"user-service","message":"setLevelStationFloodStatus time : Mon Sep 14 2020 19:41:54 GMT+0430 (Iran Daylight Time) , status : false","level":"info"}
{"service":"user-service","message":"res  res : {\n  rain_start: false,\n  rain_alarm1: false,\n  rain_alarm8: false,\n  flood: false,\n  last_time_check: null,\n  _id: 5f5c7631e5ba4b0afa2c1922,\n  station_name: 'leveltest',\n  station_code: '8500',\n  zone_name: 'jhjyhg',\n  river_name: 'jkhgh',\n  longitude: 55.502016442078,\n  latitude: 35.926233495744,\n  utm_x: 44545,\n  utm_y: 6545454,\n  height: null,\n  establish_year: 1398,\n  station_type: 2,\n  client_id: 171,\n  __v: 0,\n  flood_start_time: 2020-09-14T11:08:25.000Z,\n  flood_stop_time: 2020-09-14T15:11:54.363Z,\n  id: '5f5c7631e5ba4b0afa2c1922'\n} ","level":"info"}
{"service":"user-service","message":"getLevelStatus time : Mon Sep 14 2020 19:43:41 GMT+0430 (Iran Daylight Time) , flood : false , floodStartedTime:Mon Sep 14 2020 15:38:25 GMT+0430 (Iran Daylight Time), lastTimeCheck:null","level":"info"}
{"service":"user-service","message":"res  res : {\n  rain_start: false,\n  rain_alarm1: false,\n  rain_alarm8: false,\n  flood: false,\n  last_time_check: null,\n  _id: 5f5c7631e5ba4b0afa2c1922,\n  station_name: 'leveltest',\n  station_code: '8500',\n  zone_name: 'jhjyhg',\n  river_name: 'jkhgh',\n  longitude: 55.502016442078,\n  latitude: 35.926233495744,\n  utm_x: 44545,\n  utm_y: 6545454,\n  height: null,\n  establish_year: 1398,\n  station_type: 2,\n  client_id: 171,\n  __v: 0,\n  flood_start_time: 2020-09-14T11:08:25.000Z,\n  flood_stop_time: 2020-09-14T15:11:54.363Z,\n  id: '5f5c7631e5ba4b0afa2c1922'\n} ","level":"info"}
{"service":"user-service","message":"getLevelStatus time : Mon Sep 14 2020 19:44:54 GMT+0430 (Iran Daylight Time) , flood : false , floodStartedTime:Mon Sep 14 2020 15:38:25 GMT+0430 (Iran Daylight Time), lastTimeCheck:null","level":"info"}
{"service":"user-service","message":"res  res : {\n  rain_start: false,\n  rain_alarm1: false,\n  rain_alarm8: false,\n  flood: false,\n  last_time_check: null,\n  _id: 5f5c7631e5ba4b0afa2c1922,\n  station_name: 'leveltest',\n  station_code: '8500',\n  zone_name: 'jhjyhg',\n  river_name: 'jkhgh',\n  longitude: 55.502016442078,\n  latitude: 35.926233495744,\n  utm_x: 44545,\n  utm_y: 6545454,\n  height: null,\n  establish_year: 1398,\n  station_type: 2,\n  client_id: 171,\n  __v: 0,\n  flood_start_time: 2020-09-14T11:08:25.000Z,\n  flood_stop_time: 2020-09-14T15:11:54.363Z,\n  id: '5f5c7631e5ba4b0afa2c1922'\n} ","level":"info"}
{"service":"user-service","message":"getLevelStatus time : Mon Sep 14 2020 19:56:10 GMT+0430 (Iran Daylight Time) , flood : false , floodStartedTime:Mon Sep 14 2020 15:38:25 GMT+0430 (Iran Daylight Time), lastTimeCheck:null","level":"info"}
{"service":"user-service","message":"res  res : {\n  rain_start: false,\n  rain_alarm1: false,\n  rain_alarm8: false,\n  flood: false,\n  last_time_check: null,\n  _id: 5f5c7631e5ba4b0afa2c1922,\n  station_name: 'leveltest',\n  station_code: '8500',\n  zone_name: 'jhjyhg',\n  river_name: 'jkhgh',\n  longitude: 55.502016442078,\n  latitude: 35.926233495744,\n  utm_x: 44545,\n  utm_y: 6545454,\n  height: null,\n  establish_year: 1398,\n  station_type: 2,\n  client_id: 171,\n  __v: 0,\n  flood_start_time: 2020-09-14T11:08:25.000Z,\n  flood_stop_time: 2020-09-14T15:11:54.363Z,\n  id: '5f5c7631e5ba4b0afa2c1922'\n} ","level":"info"}
{"service":"user-service","message":"getLevelStatus time : Mon Sep 14 2020 19:56:54 GMT+0430 (Iran Daylight Time) , flood : false , floodStartedTime:Mon Sep 14 2020 15:38:25 GMT+0430 (Iran Daylight Time), lastTimeCheck:null","level":"info"}
{"service":"user-service","message":"res  res : {\n  rain_start: false,\n  rain_alarm1: false,\n  rain_alarm8: false,\n  flood: false,\n  last_time_check: null,\n  _id: 5f5c7631e5ba4b0afa2c1922,\n  station_name: 'leveltest',\n  station_code: '8500',\n  zone_name: 'jhjyhg',\n  river_name: 'jkhgh',\n  longitude: 55.502016442078,\n  latitude: 35.926233495744,\n  utm_x: 44545,\n  utm_y: 6545454,\n  height: null,\n  establish_year: 1398,\n  station_type: 2,\n  client_id: 171,\n  __v: 0,\n  flood_start_time: 2020-09-14T11:08:25.000Z,\n  flood_stop_time: 2020-09-14T15:11:54.363Z,\n  id: '5f5c7631e5ba4b0afa2c1922'\n} ","level":"info"}
{"service":"user-service","message":"getLevelStatus time : Mon Sep 14 2020 19:58:24 GMT+0430 (Iran Daylight Time) , flood : false , floodStartedTime:Mon Sep 14 2020 15:38:25 GMT+0430 (Iran Daylight Time), lastTimeCheck:null","level":"info"}
{"service":"user-service","message":"res  res : {\n  rain_start: false,\n  rain_alarm1: false,\n  rain_alarm8: false,\n  flood: false,\n  last_time_check: null,\n  _id: 5f5c7631e5ba4b0afa2c1922,\n  station_name: 'leveltest',\n  station_code: '8500',\n  zone_name: 'jhjyhg',\n  river_name: 'jkhgh',\n  longitude: 55.502016442078,\n  latitude: 35.926233495744,\n  utm_x: 44545,\n  utm_y: 6545454,\n  height: null,\n  establish_year: 1398,\n  station_type: 2,\n  client_id: 171,\n  __v: 0,\n  flood_start_time: 2020-09-14T11:08:25.000Z,\n  flood_stop_time: 2020-09-14T15:11:54.363Z,\n  id: '5f5c7631e5ba4b0afa2c1922'\n} ","level":"info"}
{"service":"user-service","message":"getLevelStatus time : Mon Sep 14 2020 19:59:54 GMT+0430 (Iran Daylight Time) , flood : false , floodStartedTime:Mon Sep 14 2020 15:38:25 GMT+0430 (Iran Daylight Time), lastTimeCheck:null","level":"info"}
{"service":"user-service","message":"res  res : {\n  rain_start: false,\n  rain_alarm1: false,\n  rain_alarm8: false,\n  flood: false,\n  last_time_check: null,\n  _id: 5f5c7631e5ba4b0afa2c1922,\n  station_name: 'leveltest',\n  station_code: '8500',\n  zone_name: 'jhjyhg',\n  river_name: 'jkhgh',\n  longitude: 55.502016442078,\n  latitude: 35.926233495744,\n  utm_x: 44545,\n  utm_y: 6545454,\n  height: null,\n  establish_year: 1398,\n  station_type: 2,\n  client_id: 171,\n  __v: 0,\n  flood_start_time: 2020-09-14T11:08:25.000Z,\n  flood_stop_time: 2020-09-14T15:11:54.363Z,\n  id: '5f5c7631e5ba4b0afa2c1922'\n} ","level":"info"}
{"service":"user-service","message":"getLevelStatus time : Mon Sep 14 2020 20:01:24 GMT+0430 (Iran Daylight Time) , flood : false , floodStartedTime:Mon Sep 14 2020 15:38:25 GMT+0430 (Iran Daylight Time), lastTimeCheck:null","level":"info"}
{"service":"user-service","message":"res  res : {\n  rain_start: false,\n  rain_alarm1: false,\n  rain_alarm8: false,\n  flood: false,\n  last_time_check: null,\n  _id: 5f5c7631e5ba4b0afa2c1922,\n  station_name: 'leveltest',\n  station_code: '8500',\n  zone_name: 'jhjyhg',\n  river_name: 'jkhgh',\n  longitude: 55.502016442078,\n  latitude: 35.926233495744,\n  utm_x: 44545,\n  utm_y: 6545454,\n  height: null,\n  establish_year: 1398,\n  station_type: 2,\n  client_id: 171,\n  __v: 0,\n  flood_start_time: 2020-09-14T11:08:25.000Z,\n  flood_stop_time: 2020-09-14T15:11:54.363Z,\n  id: '5f5c7631e5ba4b0afa2c1922'\n} ","level":"info"}
{"service":"user-service","message":"getLevelStatus time : Mon Sep 14 2020 20:02:54 GMT+0430 (Iran Daylight Time) , flood : false , floodStartedTime:Mon Sep 14 2020 15:38:25 GMT+0430 (Iran Daylight Time), lastTimeCheck:null","level":"info"}
{"service":"user-service","message":"res  res : {\n  rain_start: false,\n  rain_alarm1: false,\n  rain_alarm8: false,\n  flood: false,\n  last_time_check: null,\n  _id: 5f5c7631e5ba4b0afa2c1922,\n  station_name: 'leveltest',\n  station_code: '8500',\n  zone_name: 'jhjyhg',\n  river_name: 'jkhgh',\n  longitude: 55.502016442078,\n  latitude: 35.926233495744,\n  utm_x: 44545,\n  utm_y: 6545454,\n  height: null,\n  establish_year: 1398,\n  station_type: 2,\n  client_id: 171,\n  __v: 0,\n  flood_start_time: 2020-09-14T11:08:25.000Z,\n  flood_stop_time: 2020-09-14T15:11:54.363Z,\n  id: '5f5c7631e5ba4b0afa2c1922'\n} ","level":"info"}
{"service":"user-service","message":"getLevelStatus time : Mon Sep 14 2020 20:04:24 GMT+0430 (Iran Daylight Time) , flood : false , floodStartedTime:Mon Sep 14 2020 15:38:25 GMT+0430 (Iran Daylight Time), lastTimeCheck:null","level":"info"}
{"service":"user-service","message":"res  res : {\n  rain_start: false,\n  rain_alarm1: false,\n  rain_alarm8: false,\n  flood: false,\n  last_time_check: null,\n  _id: 5f5c7631e5ba4b0afa2c1922,\n  station_name: 'leveltest',\n  station_code: '8500',\n  zone_name: 'jhjyhg',\n  river_name: 'jkhgh',\n  longitude: 55.502016442078,\n  latitude: 35.926233495744,\n  utm_x: 44545,\n  utm_y: 6545454,\n  height: null,\n  establish_year: 1398,\n  station_type: 2,\n  client_id: 171,\n  __v: 0,\n  flood_start_time: 2020-09-14T11:08:25.000Z,\n  flood_stop_time: 2020-09-14T15:11:54.363Z,\n  id: '5f5c7631e5ba4b0afa2c1922'\n} ","level":"info"}
{"service":"user-service","message":"getLevelStatus time : Mon Sep 14 2020 20:05:54 GMT+0430 (Iran Daylight Time) , flood : false , floodStartedTime:Mon Sep 14 2020 15:38:25 GMT+0430 (Iran Daylight Time), lastTimeCheck:null","level":"info"}
{"service":"user-service","message":"res  res : {\n  rain_start: false,\n  rain_alarm1: false,\n  rain_alarm8: false,\n  flood: false,\n  last_time_check: null,\n  _id: 5f5c7631e5ba4b0afa2c1922,\n  station_name: 'leveltest',\n  station_code: '8500',\n  zone_name: 'jhjyhg',\n  river_name: 'jkhgh',\n  longitude: 55.502016442078,\n  latitude: 35.926233495744,\n  utm_x: 44545,\n  utm_y: 6545454,\n  height: null,\n  establish_year: 1398,\n  station_type: 2,\n  client_id: 171,\n  __v: 0,\n  flood_start_time: 2020-09-14T11:08:25.000Z,\n  flood_stop_time: 2020-09-14T15:11:54.363Z,\n  id: '5f5c7631e5ba4b0afa2c1922'\n} ","level":"info"}
{"service":"user-service","message":"getLevelStatus time : Mon Sep 14 2020 20:07:24 GMT+0430 (Iran Daylight Time) , flood : false , floodStartedTime:Mon Sep 14 2020 15:38:25 GMT+0430 (Iran Daylight Time), lastTimeCheck:null","level":"info"}
{"service":"user-service","message":"application started time : Mon Sep 14 2020 20:23:37 GMT+0430 (Iran Daylight Time)","level":"info"}
{"service":"user-service","message":"res  res : {\n  rain_start: false,\n  rain_alarm1: false,\n  rain_alarm8: false,\n  flood: false,\n  last_time_check: null,\n  _id: 5f5c7631e5ba4b0afa2c1922,\n  station_name: 'leveltest',\n  station_code: '8500',\n  zone_name: 'jhjyhg',\n  river_name: 'jkhgh',\n  longitude: 55.502016442078,\n  latitude: 35.926233495744,\n  utm_x: 44545,\n  utm_y: 6545454,\n  height: null,\n  establish_year: 1398,\n  station_type: 2,\n  client_id: 171,\n  __v: 0,\n  flood_start_time: 2020-09-14T11:08:25.000Z,\n  flood_stop_time: 2020-09-14T15:11:54.363Z,\n  id: '5f5c7631e5ba4b0afa2c1922'\n} ","level":"info"}
{"service":"user-service","message":"getLevelStatus time : Mon Sep 14 2020 20:23:54 GMT+0430 (Iran Daylight Time) , flood : false , floodStartedTime:Mon Sep 14 2020 15:38:25 GMT+0430 (Iran Daylight Time), lastTimeCheck:null","level":"info"}
{"service":"user-service","message":"res  res : {\n  rain_start: false,\n  rain_alarm1: false,\n  rain_alarm8: false,\n  flood: false,\n  last_time_check: 2020-09-14T07:15:21.000Z,\n  _id: 5f5c7631e5ba4b0afa2c1922,\n  station_name: 'leveltest',\n  station_code: '8500',\n  zone_name: 'jhjyhg',\n  river_name: 'jkhgh',\n  longitude: 55.502016442078,\n  latitude: 35.926233495744,\n  utm_x: 44545,\n  utm_y: 6545454,\n  height: null,\n  establish_year: 1398,\n  station_type: 2,\n  client_id: 171,\n  __v: 0,\n  flood_start_time: 2020-09-14T11:08:25.000Z,\n  flood_stop_time: 2020-09-14T15:11:54.363Z,\n  id: '5f5c7631e5ba4b0afa2c1922'\n} ","level":"info"}
{"service":"user-service","message":"getLevelStatus time : Mon Sep 14 2020 20:26:54 GMT+0430 (Iran Daylight Time) , flood : false , floodStartedTime:Mon Sep 14 2020 15:38:25 GMT+0430 (Iran Daylight Time), lastTimeCheck:Mon Sep 14 2020 11:45:21 GMT+0430 (Iran Daylight Time)","level":"info"}
{"service":"user-service","message":"checkLevelNewData time : Mon Sep 14 2020 20:26:54 GMT+0430 (Iran Daylight Time) , lastSampleTime: [{\"sample_time\":\"2020-09-14 18:41:30\"}] lastTimeCheck: 2020-09-14 11:45:21","level":"info"}
{"service":"user-service","message":"checkLevelNewData dade jadid mojood ast  time : Mon Sep 14 2020 20:26:54 GMT+0430 (Iran Daylight Time) ","level":"info"}
{"service":"user-service","message":"application started time : Mon Sep 14 2020 20:28:22 GMT+0430 (Iran Daylight Time)","level":"info"}
{"service":"user-service","message":"application started time : Mon Sep 14 2020 20:40:07 GMT+0430 (Iran Daylight Time)","level":"info"}
{"service":"user-service","message":"application started time : Mon Sep 14 2020 20:41:28 GMT+0430 (Iran Daylight Time)","level":"info"}
{"service":"user-service","message":"application started time : Mon Sep 14 2020 20:42:16 GMT+0430 (Iran Daylight Time)","level":"info"}
{"service":"user-service","message":"res  res : {\n  rain_start: false,\n  rain_alarm1: false,\n  rain_alarm8: false,\n  flood: false,\n  last_time_check: 2020-09-14T07:15:21.000Z,\n  _id: 5f5c7631e5ba4b0afa2c1922,\n  station_name: 'leveltest',\n  station_code: '8500',\n  zone_name: 'jhjyhg',\n  river_name: 'jkhgh',\n  longitude: 55.502016442078,\n  latitude: 35.926233495744,\n  utm_x: 44545,\n  utm_y: 6545454,\n  height: null,\n  establish_year: 1398,\n  station_type: 2,\n  client_id: 171,\n  __v: 0,\n  flood_start_time: 2020-09-14T11:08:25.000Z,\n  flood_stop_time: 2020-09-14T15:11:54.363Z,\n  id: '5f5c7631e5ba4b0afa2c1922'\n} ","level":"info"}
{"service":"user-service","message":"getLevelStatus time : Mon Sep 14 2020 20:44:27 GMT+0430 (Iran Daylight Time) , flood : false , floodStartedTime:Mon Sep 14 2020 15:38:25 GMT+0430 (Iran Daylight Time), lastTimeCheck:Mon Sep 14 2020 11:45:21 GMT+0430 (Iran Daylight Time)","level":"info"}
{"service":"user-service","message":"checkLevelNewData time : Mon Sep 14 2020 20:44:27 GMT+0430 (Iran Daylight Time) , lastSampleTime: [{\"sample_time\":\"2020-09-14 18:41:30\"}] lastTimeCheck: 2020-09-14 11:45:21","level":"info"}
{"service":"user-service","message":"checkLevelNewData dade jadid mojood ast  time : Mon Sep 14 2020 20:44:27 GMT+0430 (Iran Daylight Time) ","level":"info"}
{"service":"user-service","message":"newData 1 ","level":"info"}
{"service":"user-service","message":"getLevelFloodStatus time : Mon Sep 14 2020 20:44:27 GMT+0430 (Iran Daylight Time) , client_id : 171 , [{\"@flood\":1,\"@flood_started_time\":\"2020-09-14 15:38:25\",\"@last_sample_time\":\"2020-09-14 18:41:30\"}]","level":"info"}
{"service":"user-service","message":"setLevelStationFloodStatus time : Mon Sep 14 2020 20:44:27 GMT+0430 (Iran Daylight Time) , status : true 2020-09-14 18:41:30","level":"info"}
{"service":"user-service","message":"res  res : {\n  rain_start: false,\n  rain_alarm1: false,\n  rain_alarm8: false,\n  flood: true,\n  last_time_check: 2020-09-14T14:11:30.000Z,\n  _id: 5f5c7631e5ba4b0afa2c1922,\n  station_name: 'leveltest',\n  station_code: '8500',\n  zone_name: 'jhjyhg',\n  river_name: 'jkhgh',\n  longitude: 55.502016442078,\n  latitude: 35.926233495744,\n  utm_x: 44545,\n  utm_y: 6545454,\n  height: null,\n  establish_year: 1398,\n  station_type: 2,\n  client_id: 171,\n  __v: 0,\n  flood_start_time: 2020-09-14T11:08:25.000Z,\n  flood_stop_time: 2020-09-14T15:11:54.363Z,\n  id: '5f5c7631e5ba4b0afa2c1922'\n} ","level":"info"}
{"service":"user-service","message":"getLevelStatus time : Mon Sep 14 2020 20:44:53 GMT+0430 (Iran Daylight Time) , flood : true , floodStartedTime:Mon Sep 14 2020 15:38:25 GMT+0430 (Iran Daylight Time), lastTimeCheck:Mon Sep 14 2020 18:41:30 GMT+0430 (Iran Daylight Time)","level":"info"}
{"service":"user-service","message":"checkLevelNewData time : Mon Sep 14 2020 20:44:53 GMT+0430 (Iran Daylight Time) , lastSampleTime: [{\"sample_time\":\"2020-09-14 18:41:30\"}] lastTimeCheck: 2020-09-14 18:41:30","level":"info"}
{"service":"user-service","message":"checkLevelNewData dade jadid mojood nist  time : Mon Sep 14 2020 20:44:53 GMT+0430 (Iran Daylight Time) ","level":"info"}
{"service":"user-service","message":"newData 0 ","level":"info"}
{"service":"user-service","message":"getLevelFloodStatus time : Mon Sep 14 2020 20:44:53 GMT+0430 (Iran Daylight Time) , client_id : 171 , enough time spent after flood started at  = \"2020-09-14 15:38:25\"","level":"info"}
{"service":"user-service","message":"setLevelStationFloodStatus time : Mon Sep 14 2020 20:44:53 GMT+0430 (Iran Daylight Time) , status : false","level":"info"}
